<?xml version="1.0" encoding="UTF-8"?>
<robot generator="Robot 7.0 (Python 3.12.1 on win32)" generated="2024-04-12T16:59:02.264480" rpa="false" schemaversion="5">
<suite id="s1" name="Signup" source="D:\QAx\projects\automação-front-serverest\tests\signup.robot">
<test id="s1-t1" name="Should be successfuly registered" line="11">
<kw name="Start Browser" owner="Base" type="SETUP">
<kw name="New Browser" owner="Browser">
<msg time="2024-04-12T16:59:03.304451" level="INFO">{"browser": "chromium", "headless": false, "chromiumSandbox": false, "devtools": false, "handleSIGHUP": true, "handleSIGINT": true, "handleSIGTERM": true, "slowMo": 0.0, "timeout": 30000.0, "tracesDir": "D:\\QAx\\projects\\automa\u00e7\u00e3o-front-serverest\\logs\\browser\\traces\\3451d339-dbff-4a75-ac53-55e48a76a704"}</msg>
<msg time="2024-04-12T16:59:03.730118" level="INFO">Successfully created browser with options: {"browser":"chromium","headless":false,"chromiumSandbox":false,"devtools":false,"handleSIGHUP":true,"handleSIGINT":true,"handleSIGTERM":true,"slowMo":0,"timeout":30000,"tracesDir":"D:\\QAx\\projects\\automação-front-serverest\\logs\\browser\\traces\\3451d339-dbff-4a75-ac53-55e48a76a704"}</msg>
<arg>browser=chromium</arg>
<arg>headless=False</arg>
<tag>BrowserControl</tag>
<tag>Setter</tag>
<doc>Create a new playwright Browser with specified options.</doc>
<status status="PASS" start="2024-04-12T16:59:03.303436" elapsed="0.426682"/>
</kw>
<kw name="New Page" owner="Browser">
<msg time="2024-04-12T16:59:07.745492" level="INFO">Successfully initialized new page object and opened url: https://front.serverest.dev</msg>
<msg time="2024-04-12T16:59:07.745492" level="INFO">No context was open. New context was automatically opened when this page is created.</msg>
<arg>${URL}</arg>
<tag>BrowserControl</tag>
<tag>Setter</tag>
<doc>Open a new Page.</doc>
<status status="PASS" start="2024-04-12T16:59:03.731117" elapsed="4.015520"/>
</kw>
<kw name="Set Viewport Size" owner="Browser">
<msg time="2024-04-12T16:59:07.768417" level="INFO">Set viewport size to: [object Object]</msg>
<arg>1500</arg>
<arg>720</arg>
<tag>BrowserControl</tag>
<tag>Setter</tag>
<doc>Sets current Pages viewport size to specified dimensions.</doc>
<status status="PASS" start="2024-04-12T16:59:07.746637" elapsed="0.021780"/>
</kw>
<kw name="Get Title" owner="Browser">
<msg time="2024-04-12T16:59:07.783063" level="INFO">Title: 'Front - ServeRest'</msg>
<arg>equal</arg>
<arg>Front - ServeRest</arg>
<tag>Assertion</tag>
<tag>Getter</tag>
<tag>PageContent</tag>
<doc>Returns the title of the current page.</doc>
<status status="PASS" start="2024-04-12T16:59:07.768927" elapsed="0.014136"/>
</kw>
<status status="PASS" start="2024-04-12T16:59:03.303436" elapsed="4.479627"/>
</kw>
<kw name="Create Dictionary" owner="BuiltIn">
<msg time="2024-04-12T16:59:07.784068" level="INFO">${user} = {'nome': 'Maryana Rocha', 'email': 'maryana@gmail.com', 'password': 'pwd123', 'administrador': 'true'}</msg>
<var>${user}</var>
<arg>nome=Maryana Rocha</arg>
<arg>email=maryana@gmail.com</arg>
<arg>password=pwd123</arg>
<arg>administrador=true</arg>
<doc>Creates and returns a dictionary based on the given ``items``.</doc>
<status status="PASS" start="2024-04-12T16:59:07.784068" elapsed="0.000000"/>
</kw>
<kw name="Delete user" owner="Helpers">
<kw name="Create Dictionary" owner="BuiltIn">
<msg time="2024-04-12T16:59:07.786595" level="INFO">${HEADER} = {'Content-Type': 'application/json'}</msg>
<var>${HEADER}</var>
<arg>Content-Type=application/json</arg>
<doc>Creates and returns a dictionary based on the given ``items``.</doc>
<status status="PASS" start="2024-04-12T16:59:07.786595" elapsed="0.000000"/>
</kw>
<kw name="Create Session" owner="RequestsLibrary">
<msg time="2024-04-12T16:59:07.786595" level="INFO">Creating Session using : alias=serverest, url=https://serverest.dev, headers={'Content-Type': 'application/json'},                     cookies={}, auth=None, timeout=None, proxies=None, verify=False,                     debug=0 </msg>
<arg>alias=serverest</arg>
<arg>url=${API}</arg>
<arg>headers=${HEADER}</arg>
<arg>disable_warnings=1</arg>
<doc>Create Session: create a HTTP session to a server</doc>
<status status="PASS" start="2024-04-12T16:59:07.786595" elapsed="0.000000"/>
</kw>
<kw name="GET On Session" owner="RequestsLibrary">
<msg time="2024-04-12T16:59:08.183008" level="INFO">GET Request : url=https://serverest.dev/usuarios?email=maryana@gmail.com 
 path_url=/usuarios?email=maryana@gmail.com 
 headers={'User-Agent': 'python-requests/2.31.0', 'Accept-Encoding': 'gzip, deflate', 'Accept': '*/*', 'Connection': 'keep-alive', 'Content-Type': 'application/json'} 
 body=None 
 </msg>
<msg time="2024-04-12T16:59:08.183008" level="INFO">GET Response : url=https://serverest.dev/usuarios?email=maryana@gmail.com 
 status=200, reason=OK 
 headers={'access-control-allow-origin': '*', 'x-dns-prefetch-control': 'off', 'x-frame-options': 'SAMEORIGIN', 'strict-transport-security': 'max-age=15552000; includeSubDomains', 'x-download-options': 'noopen', 'x-content-type-options': 'nosniff', 'x-xss-protection': '1; mode=block', 'content-type': 'application/json; charset=utf-8', 'X-Cloud-Trace-Context': '1b31dd63de1c9c6e5ee3d37af3ac38af;o=1', 'Date': 'Fri, 12 Apr 2024 19:59:07 GMT', 'Server': 'Google Frontend', 'Content-Length': '256'} 
 body={
    "quantidade": 1,
    "usuarios": [
        {
            "nome": "Maryana Rocha",
            "email": "maryana@gmail.com",
            "password": "pwd123",
            "administrador": "true",
            "_id": "QgjFQqnNTOnaTTef"
        }
    ]
} 
 </msg>
<msg time="2024-04-12T16:59:08.183008" level="INFO">${response} = &lt;Response [200]&gt;</msg>
<var>${response}</var>
<arg>url=${API}/usuarios</arg>
<arg>alias=serverest</arg>
<arg>params=email=${user}</arg>
<doc>Sends a GET request on a previously created HTTP Session.</doc>
<status status="PASS" start="2024-04-12T16:59:07.788166" elapsed="0.394842"/>
</kw>
<kw name="Should Be Equal As Strings" owner="BuiltIn">
<msg time="2024-04-12T16:59:08.184167" level="INFO">Argument types are:
&lt;class 'int'&gt;
&lt;class 'str'&gt;</msg>
<arg>${response.status_code}</arg>
<arg>200</arg>
<doc>Fails if objects are unequal after converting them to strings.</doc>
<status status="PASS" start="2024-04-12T16:59:08.183008" elapsed="0.001159"/>
</kw>
<for flavor="IN">
<iter>
<kw name="Set Variable" owner="BuiltIn">
<msg time="2024-04-12T16:59:08.184693" level="INFO">${user_id} = QgjFQqnNTOnaTTef</msg>
<var>${user_id}</var>
<arg>${user['_id']}</arg>
<doc>Returns the given values which can then be assigned to a variables.</doc>
<status status="PASS" start="2024-04-12T16:59:08.184693" elapsed="0.000000"/>
</kw>
<var name="${user}">{'nome': 'Maryana Rocha', 'email': 'maryana@gmail.com', 'password': 'pwd123', 'administrador': 'true', '_id': 'QgjFQqnNTOnaTTef'}</var>
<status status="PASS" start="2024-04-12T16:59:08.184693" elapsed="0.001027"/>
</iter>
<var>${user}</var>
<value>@{response.json()['usuarios']}</value>
<status status="PASS" start="2024-04-12T16:59:08.184167" elapsed="0.001553"/>
</for>
<kw name="DELETE On Session" owner="RequestsLibrary">
<msg time="2024-04-12T16:59:08.357636" level="INFO">DELETE Request : url=https://serverest.dev/usuarios/QgjFQqnNTOnaTTef 
 path_url=/usuarios/QgjFQqnNTOnaTTef 
 headers={'User-Agent': 'python-requests/2.31.0', 'Accept-Encoding': 'gzip, deflate', 'Accept': '*/*', 'Connection': 'keep-alive', 'Content-Type': 'application/json', 'Content-Length': '0'} 
 body=None 
 </msg>
<msg time="2024-04-12T16:59:08.357636" level="INFO">DELETE Response : url=https://serverest.dev/usuarios/QgjFQqnNTOnaTTef 
 status=200, reason=OK 
 headers={'access-control-allow-origin': '*', 'x-dns-prefetch-control': 'off', 'x-frame-options': 'SAMEORIGIN', 'strict-transport-security': 'max-age=15552000; includeSubDomains', 'x-download-options': 'noopen', 'x-content-type-options': 'nosniff', 'x-xss-protection': '1; mode=block', 'content-type': 'application/json; charset=utf-8', 'X-Cloud-Trace-Context': '463801f42ac8f5f931e84627faec7c8a', 'Date': 'Fri, 12 Apr 2024 19:59:07 GMT', 'Server': 'Google Frontend', 'Content-Length': '51'} 
 body={
    "message": "Registro excluído com sucesso"
} 
 </msg>
<msg time="2024-04-12T16:59:08.358674" level="INFO">${response} = &lt;Response [200]&gt;</msg>
<var>${response}</var>
<arg>url=${API}/usuarios/${user_id}</arg>
<arg>alias=serverest</arg>
<doc>Sends a DELETE request on a previously created HTTP Session.</doc>
<status status="PASS" start="2024-04-12T16:59:08.185720" elapsed="0.172954"/>
</kw>
<kw name="Should Be Equal As Strings" owner="BuiltIn">
<arg>${response.json()['message']}</arg>
<arg>Registro excluído com sucesso</arg>
<doc>Fails if objects are unequal after converting them to strings.</doc>
<status status="PASS" start="2024-04-12T16:59:08.358674" elapsed="0.000000"/>
</kw>
<arg>${user}[email]</arg>
<status status="PASS" start="2024-04-12T16:59:07.785578" elapsed="0.573096"/>
</kw>
<kw name="Is Login Page" owner="Login">
<kw name="Wait For Elements State" owner="Browser">
<msg time="2024-04-12T16:59:08.393919" level="INFO">Waited for Element with selector css=h1 &gt;&gt; text=Login at state visible</msg>
<arg>css=h1 &gt;&gt; text=Login</arg>
<arg>visible</arg>
<arg>5</arg>
<tag>PageContent</tag>
<tag>Wait</tag>
<doc>Waits for the element found by ``selector`` to satisfy state option.</doc>
<status status="PASS" start="2024-04-12T16:59:08.361114" elapsed="0.033347"/>
</kw>
<kw name="Get Text" owner="Browser">
<msg time="2024-04-12T16:59:08.431931" level="INFO">Text: 'Login'</msg>
<arg>css=h1 &gt;&gt; text=Login</arg>
<arg>equal</arg>
<arg>${expected_text}</arg>
<tag>Assertion</tag>
<tag>Getter</tag>
<tag>PageContent</tag>
<doc>Returns text attribute of the element found by ``selector``.</doc>
<status status="PASS" start="2024-04-12T16:59:08.394461" elapsed="0.038456"/>
</kw>
<arg>Login</arg>
<status status="PASS" start="2024-04-12T16:59:08.360082" elapsed="0.072835"/>
</kw>
<kw name="Navigate to signup form" owner="Login">
<kw name="Click" owner="Browser">
<arg>css=a[data-testid="cadastrar"]</arg>
<tag>PageContent</tag>
<tag>Setter</tag>
<doc>Simulates mouse click on the element found by ``selector``.</doc>
<status status="PASS" start="2024-04-12T16:59:08.433921" elapsed="0.061650"/>
</kw>
<kw name="Wait For Elements State" owner="Browser">
<msg time="2024-04-12T16:59:08.503954" level="INFO">Waited for Element with selector css=h2 &gt;&gt; text=Cadastro at state visible</msg>
<arg>css=h2 &gt;&gt; text=Cadastro</arg>
<arg>visible</arg>
<arg>5</arg>
<tag>PageContent</tag>
<tag>Wait</tag>
<doc>Waits for the element found by ``selector`` to satisfy state option.</doc>
<status status="PASS" start="2024-04-12T16:59:08.495571" elapsed="0.008383"/>
</kw>
<status status="PASS" start="2024-04-12T16:59:08.432917" elapsed="0.072327"/>
</kw>
<kw name="Fill signup form" owner="Signup">
<kw name="Fill Text" owner="Browser">
<msg time="2024-04-12T16:59:08.506270" level="INFO">Fills the text 'Maryana Rocha' in the given field.</msg>
<arg>css=input[name="nome"]</arg>
<arg>${user}[nome]</arg>
<tag>PageContent</tag>
<tag>Setter</tag>
<doc>Clears and fills the given ``txt`` into the text field found by ``selector``.</doc>
<status status="PASS" start="2024-04-12T16:59:08.506270" elapsed="0.029943"/>
</kw>
<kw name="Fill Text" owner="Browser">
<msg time="2024-04-12T16:59:08.537237" level="INFO">Fills the text 'maryana@gmail.com' in the given field.</msg>
<arg>css=input[data-testid="email"]</arg>
<arg>${user}[email]</arg>
<tag>PageContent</tag>
<tag>Setter</tag>
<doc>Clears and fills the given ``txt`` into the text field found by ``selector``.</doc>
<status status="PASS" start="2024-04-12T16:59:08.536213" elapsed="0.024886"/>
</kw>
<kw name="Fill Text" owner="Browser">
<msg time="2024-04-12T16:59:08.561099" level="INFO">Fills the text 'pwd123' in the given field.</msg>
<arg>css=input[placeholder$="senha"]</arg>
<arg>${user}[password]</arg>
<tag>PageContent</tag>
<tag>Setter</tag>
<doc>Clears and fills the given ``txt`` into the text field found by ``selector``.</doc>
<status status="PASS" start="2024-04-12T16:59:08.561099" elapsed="0.024836"/>
</kw>
<kw name="Check Checkbox" owner="Browser">
<arg>css=input[data-testid="checkbox"]</arg>
<tag>PageContent</tag>
<tag>Setter</tag>
<doc>Checks the checkbox or selects radio button found by ``selector``.</doc>
<status status="PASS" start="2024-04-12T16:59:08.585935" elapsed="0.065037"/>
</kw>
<arg>${user}</arg>
<status status="PASS" start="2024-04-12T16:59:08.505244" elapsed="0.145728"/>
</kw>
<kw name="Submit signup form" owner="Signup">
<kw name="Click" owner="Browser">
<arg>css=button[type="submit"] &gt;&gt; text=Cadastrar</arg>
<tag>PageContent</tag>
<tag>Setter</tag>
<doc>Simulates mouse click on the element found by ``selector``.</doc>
<status status="PASS" start="2024-04-12T16:59:08.652553" elapsed="0.064736"/>
</kw>
<status status="PASS" start="2024-04-12T16:59:08.651971" elapsed="0.065318"/>
</kw>
<kw name="User should be registered" owner="Signup">
<kw name="Wait For Elements State" owner="Browser">
<msg time="2024-04-12T16:59:10.593707" level="INFO">Waited for Element with selector css=.alert-link &gt;&gt; text=Cadastro realizado com sucesso at state visible</msg>
<arg>css=.alert-link &gt;&gt; text=Cadastro realizado com sucesso</arg>
<tag>PageContent</tag>
<tag>Wait</tag>
<doc>Waits for the element found by ``selector`` to satisfy state option.</doc>
<status status="PASS" start="2024-04-12T16:59:08.718303" elapsed="1.875404"/>
</kw>
<kw name="Get Text" owner="Browser">
<msg time="2024-04-12T16:59:10.616954" level="INFO">Text: 'Cadastro realizado com sucesso'</msg>
<arg>css=.alert-link &gt;&gt; text=Cadastro realizado com sucesso</arg>
<arg>equal</arg>
<arg>Cadastro realizado com sucesso</arg>
<tag>Assertion</tag>
<tag>Getter</tag>
<tag>PageContent</tag>
<doc>Returns text attribute of the element found by ``selector``.</doc>
<status status="PASS" start="2024-04-12T16:59:10.593707" elapsed="0.023247"/>
</kw>
<status status="PASS" start="2024-04-12T16:59:08.717783" elapsed="1.899171"/>
</kw>
<kw name="User logged in" owner="Home">
<kw name="Wait For Elements State" owner="Browser">
<msg time="2024-04-12T16:59:13.510510" level="INFO">Waited for Element with selector css=h1 &gt;&gt; text=Bem Vindo Maryana Rocha at state visible</msg>
<arg>css=h1 &gt;&gt; text=Bem Vindo Maryana Rocha</arg>
<arg>visible</arg>
<arg>10</arg>
<tag>PageContent</tag>
<tag>Wait</tag>
<doc>Waits for the element found by ``selector`` to satisfy state option.</doc>
<status status="PASS" start="2024-04-12T16:59:10.617990" elapsed="2.892520"/>
</kw>
<kw name="Get Text" owner="Browser">
<msg time="2024-04-12T16:59:13.535791" level="INFO">Text: 'Bem Vindo Maryana Rocha'</msg>
<arg>css=h1 &gt;&gt; text=Bem Vindo Maryana Rocha</arg>
<arg>equal</arg>
<arg>Bem Vindo Maryana Rocha</arg>
<tag>Assertion</tag>
<tag>Getter</tag>
<tag>PageContent</tag>
<doc>Returns text attribute of the element found by ``selector``.</doc>
<status status="PASS" start="2024-04-12T16:59:13.510510" elapsed="0.025281"/>
</kw>
<status status="PASS" start="2024-04-12T16:59:10.617990" elapsed="2.917801"/>
</kw>
<kw name="Finish Browser" owner="Base" type="TEARDOWN">
<kw name="Take Screenshot" owner="Browser">
<msg time="2024-04-12T16:59:13.693921" level="INFO" html="true">&lt;/td&gt;&lt;/tr&gt;&lt;tr&gt;&lt;td colspan="3"&gt;&lt;a href="browser/screenshot/robotframework-browser-screenshot-1.png" target="_blank"&gt;&lt;img src="browser/screenshot/robotframework-browser-screenshot-1.png" width="800px"/&gt;&lt;/a&gt;</msg>
<tag>PageContent</tag>
<doc>Takes a screenshot of the current window or element and saves it to disk.</doc>
<status status="PASS" start="2024-04-12T16:59:13.537837" elapsed="0.156589"/>
</kw>
<kw name="Close Browser" owner="Browser">
<msg time="2024-04-12T16:59:13.985895" level="INFO">Closed browser</msg>
<tag>BrowserControl</tag>
<tag>Setter</tag>
<doc>Closes the current browser.</doc>
<status status="PASS" start="2024-04-12T16:59:13.694426" elapsed="0.291469"/>
</kw>
<status status="PASS" start="2024-04-12T16:59:13.536828" elapsed="0.449067"/>
</kw>
<doc>Successfuly registered</doc>
<tag>signup</tag>
<status status="PASS" start="2024-04-12T16:59:03.298480" elapsed="10.687415"/>
</test>
<test id="s1-t2" name="Should be all fields required" line="30">
<kw name="Start Browser" owner="Base" type="SETUP">
<kw name="New Browser" owner="Browser">
<msg time="2024-04-12T16:59:14.037331" level="INFO">{"browser": "chromium", "headless": false, "chromiumSandbox": false, "devtools": false, "handleSIGHUP": true, "handleSIGINT": true, "handleSIGTERM": true, "slowMo": 0.0, "timeout": 30000.0, "tracesDir": "D:\\QAx\\projects\\automa\u00e7\u00e3o-front-serverest\\logs\\browser\\traces\\12235b3d-ae66-44e8-a449-c882617a9441"}</msg>
<msg time="2024-04-12T16:59:14.477403" level="INFO">Successfully created browser with options: {"browser":"chromium","headless":false,"chromiumSandbox":false,"devtools":false,"handleSIGHUP":true,"handleSIGINT":true,"handleSIGTERM":true,"slowMo":0,"timeout":30000,"tracesDir":"D:\\QAx\\projects\\automação-front-serverest\\logs\\browser\\traces\\12235b3d-ae66-44e8-a449-c882617a9441"}</msg>
<arg>browser=chromium</arg>
<arg>headless=False</arg>
<tag>BrowserControl</tag>
<tag>Setter</tag>
<doc>Create a new playwright Browser with specified options.</doc>
<status status="PASS" start="2024-04-12T16:59:14.037331" elapsed="0.440072"/>
</kw>
<kw name="New Page" owner="Browser">
<msg time="2024-04-12T16:59:18.439879" level="INFO">Successfully initialized new page object and opened url: https://front.serverest.dev</msg>
<msg time="2024-04-12T16:59:18.439879" level="INFO">No context was open. New context was automatically opened when this page is created.</msg>
<arg>${URL}</arg>
<tag>BrowserControl</tag>
<tag>Setter</tag>
<doc>Open a new Page.</doc>
<status status="PASS" start="2024-04-12T16:59:14.478421" elapsed="3.961458"/>
</kw>
<kw name="Set Viewport Size" owner="Browser">
<msg time="2024-04-12T16:59:18.457668" level="INFO">Set viewport size to: [object Object]</msg>
<arg>1500</arg>
<arg>720</arg>
<tag>BrowserControl</tag>
<tag>Setter</tag>
<doc>Sets current Pages viewport size to specified dimensions.</doc>
<status status="PASS" start="2024-04-12T16:59:18.439879" elapsed="0.017940"/>
</kw>
<kw name="Get Title" owner="Browser">
<msg time="2024-04-12T16:59:18.469760" level="INFO">Title: 'Front - ServeRest'</msg>
<arg>equal</arg>
<arg>Front - ServeRest</arg>
<tag>Assertion</tag>
<tag>Getter</tag>
<tag>PageContent</tag>
<doc>Returns the title of the current page.</doc>
<status status="PASS" start="2024-04-12T16:59:18.457819" elapsed="0.011941"/>
</kw>
<status status="PASS" start="2024-04-12T16:59:14.037331" elapsed="4.432429"/>
</kw>
<kw name="Attempt signup">
<kw name="Create Dictionary" owner="BuiltIn">
<msg time="2024-04-12T16:59:18.472274" level="INFO">${user} = {'nome': 'Kennedy Silva', 'email': 'kennedy@gmail.com', 'password': ''}</msg>
<var>${user}</var>
<arg>nome=${nome}</arg>
<arg>email=${email}</arg>
<arg>password=${password}</arg>
<doc>Creates and returns a dictionary based on the given ``items``.</doc>
<status status="PASS" start="2024-04-12T16:59:18.471263" elapsed="0.001011"/>
</kw>
<kw name="Go To" owner="Browser">
<msg time="2024-04-12T16:59:19.464687" level="INFO">Successfully opened URL https://front.serverest.dev/cadastrarusuarios</msg>
<arg>${URL}/cadastrarusuarios</arg>
<tag>BrowserControl</tag>
<tag>Setter</tag>
<doc>Navigates to the given ``url``.</doc>
<status status="PASS" start="2024-04-12T16:59:18.472274" elapsed="0.992413"/>
</kw>
<kw name="Fill signup form" owner="Signup">
<kw name="Fill Text" owner="Browser">
<msg time="2024-04-12T16:59:19.466943" level="INFO">Fills the text 'Kennedy Silva' in the given field.</msg>
<arg>css=input[name="nome"]</arg>
<arg>${user}[nome]</arg>
<tag>PageContent</tag>
<tag>Setter</tag>
<doc>Clears and fills the given ``txt`` into the text field found by ``selector``.</doc>
<status status="PASS" start="2024-04-12T16:59:19.465923" elapsed="0.050136"/>
</kw>
<kw name="Fill Text" owner="Browser">
<msg time="2024-04-12T16:59:19.517059" level="INFO">Fills the text 'kennedy@gmail.com' in the given field.</msg>
<arg>css=input[data-testid="email"]</arg>
<arg>${user}[email]</arg>
<tag>PageContent</tag>
<tag>Setter</tag>
<doc>Clears and fills the given ``txt`` into the text field found by ``selector``.</doc>
<status status="PASS" start="2024-04-12T16:59:19.517059" elapsed="0.025170"/>
</kw>
<kw name="Fill Text" owner="Browser">
<msg time="2024-04-12T16:59:19.543252" level="INFO">Fills the text '' in the given field.</msg>
<arg>css=input[placeholder$="senha"]</arg>
<arg>${user}[password]</arg>
<tag>PageContent</tag>
<tag>Setter</tag>
<doc>Clears and fills the given ``txt`` into the text field found by ``selector``.</doc>
<status status="PASS" start="2024-04-12T16:59:19.542229" elapsed="0.026515"/>
</kw>
<kw name="Check Checkbox" owner="Browser">
<arg>css=input[data-testid="checkbox"]</arg>
<tag>PageContent</tag>
<tag>Setter</tag>
<doc>Checks the checkbox or selects radio button found by ``selector``.</doc>
<status status="PASS" start="2024-04-12T16:59:19.568744" elapsed="0.065330"/>
</kw>
<arg>${user}</arg>
<status status="PASS" start="2024-04-12T16:59:19.464687" elapsed="0.169387"/>
</kw>
<kw name="Submit signup form" owner="Signup">
<kw name="Click" owner="Browser">
<arg>css=button[type="submit"] &gt;&gt; text=Cadastrar</arg>
<tag>PageContent</tag>
<tag>Setter</tag>
<doc>Simulates mouse click on the element found by ``selector``.</doc>
<status status="PASS" start="2024-04-12T16:59:19.634074" elapsed="0.066212"/>
</kw>
<status status="PASS" start="2024-04-12T16:59:19.634074" elapsed="0.066212"/>
</kw>
<kw name="Notice should be" owner="Signup">
<kw name="Wait For Elements State" owner="Browser">
<msg time="2024-04-12T16:59:21.573076" level="INFO">Waited for Element with selector css=.alert-secondary span &gt;&gt; text=Password é obrigatório at state visible</msg>
<arg>css=.alert-secondary span &gt;&gt; text=${expected_text}</arg>
<arg>visible</arg>
<arg>10</arg>
<tag>PageContent</tag>
<tag>Wait</tag>
<doc>Waits for the element found by ``selector`` to satisfy state option.</doc>
<status status="PASS" start="2024-04-12T16:59:19.700286" elapsed="1.872790"/>
</kw>
<kw name="Get Text" owner="Browser">
<msg time="2024-04-12T16:59:21.603446" level="INFO">Text: 'Password é obrigatório'</msg>
<arg>css=.alert-secondary span &gt;&gt; text=${expected_text}</arg>
<arg>equal</arg>
<arg>${expected_text}</arg>
<tag>Assertion</tag>
<tag>Getter</tag>
<tag>PageContent</tag>
<doc>Returns text attribute of the element found by ``selector``.</doc>
<status status="PASS" start="2024-04-12T16:59:21.573076" elapsed="0.030370"/>
</kw>
<arg>${output_text}</arg>
<status status="PASS" start="2024-04-12T16:59:19.700286" elapsed="1.903160"/>
</kw>
<arg>Kennedy Silva</arg>
<arg>kennedy@gmail.com</arg>
<arg>${EMPTY}</arg>
<arg>Password é obrigatório</arg>
<status status="PASS" start="2024-04-12T16:59:18.471263" elapsed="3.132183"/>
</kw>
<kw name="Attempt signup">
<kw name="Create Dictionary" owner="BuiltIn">
<msg time="2024-04-12T16:59:21.605471" level="INFO">${user} = {'nome': '', 'email': 'kennedy@gmail.com', 'password': 'pwd123'}</msg>
<var>${user}</var>
<arg>nome=${nome}</arg>
<arg>email=${email}</arg>
<arg>password=${password}</arg>
<doc>Creates and returns a dictionary based on the given ``items``.</doc>
<status status="PASS" start="2024-04-12T16:59:21.604456" elapsed="0.001015"/>
</kw>
<kw name="Go To" owner="Browser">
<msg time="2024-04-12T16:59:22.239596" level="INFO">Successfully opened URL https://front.serverest.dev/cadastrarusuarios</msg>
<arg>${URL}/cadastrarusuarios</arg>
<tag>BrowserControl</tag>
<tag>Setter</tag>
<doc>Navigates to the given ``url``.</doc>
<status status="PASS" start="2024-04-12T16:59:21.605471" elapsed="0.634125"/>
</kw>
<kw name="Fill signup form" owner="Signup">
<kw name="Fill Text" owner="Browser">
<msg time="2024-04-12T16:59:22.241707" level="INFO">Fills the text '' in the given field.</msg>
<arg>css=input[name="nome"]</arg>
<arg>${user}[nome]</arg>
<tag>PageContent</tag>
<tag>Setter</tag>
<doc>Clears and fills the given ``txt`` into the text field found by ``selector``.</doc>
<status status="PASS" start="2024-04-12T16:59:22.240697" elapsed="0.033415"/>
</kw>
<kw name="Fill Text" owner="Browser">
<msg time="2024-04-12T16:59:22.275512" level="INFO">Fills the text 'kennedy@gmail.com' in the given field.</msg>
<arg>css=input[data-testid="email"]</arg>
<arg>${user}[email]</arg>
<tag>PageContent</tag>
<tag>Setter</tag>
<doc>Clears and fills the given ``txt`` into the text field found by ``selector``.</doc>
<status status="PASS" start="2024-04-12T16:59:22.274112" elapsed="0.018887"/>
</kw>
<kw name="Fill Text" owner="Browser">
<msg time="2024-04-12T16:59:22.294227" level="INFO">Fills the text 'pwd123' in the given field.</msg>
<arg>css=input[placeholder$="senha"]</arg>
<arg>${user}[password]</arg>
<tag>PageContent</tag>
<tag>Setter</tag>
<doc>Clears and fills the given ``txt`` into the text field found by ``selector``.</doc>
<status status="PASS" start="2024-04-12T16:59:22.292999" elapsed="0.021803"/>
</kw>
<kw name="Check Checkbox" owner="Browser">
<arg>css=input[data-testid="checkbox"]</arg>
<tag>PageContent</tag>
<tag>Setter</tag>
<doc>Checks the checkbox or selects radio button found by ``selector``.</doc>
<status status="PASS" start="2024-04-12T16:59:22.314802" elapsed="0.051618"/>
</kw>
<arg>${user}</arg>
<status status="PASS" start="2024-04-12T16:59:22.240697" elapsed="0.125723"/>
</kw>
<kw name="Submit signup form" owner="Signup">
<kw name="Click" owner="Browser">
<arg>css=button[type="submit"] &gt;&gt; text=Cadastrar</arg>
<tag>PageContent</tag>
<tag>Setter</tag>
<doc>Simulates mouse click on the element found by ``selector``.</doc>
<status status="PASS" start="2024-04-12T16:59:22.366420" elapsed="0.048633"/>
</kw>
<status status="PASS" start="2024-04-12T16:59:22.366420" elapsed="0.048633"/>
</kw>
<kw name="Notice should be" owner="Signup">
<kw name="Wait For Elements State" owner="Browser">
<msg time="2024-04-12T16:59:22.634146" level="INFO">Waited for Element with selector css=.alert-secondary span &gt;&gt; text=Nome é obrigatório at state visible</msg>
<arg>css=.alert-secondary span &gt;&gt; text=${expected_text}</arg>
<arg>visible</arg>
<arg>10</arg>
<tag>PageContent</tag>
<tag>Wait</tag>
<doc>Waits for the element found by ``selector`` to satisfy state option.</doc>
<status status="PASS" start="2024-04-12T16:59:22.416049" elapsed="0.218097"/>
</kw>
<kw name="Get Text" owner="Browser">
<msg time="2024-04-12T16:59:22.664539" level="INFO">Text: 'Nome é obrigatório'</msg>
<arg>css=.alert-secondary span &gt;&gt; text=${expected_text}</arg>
<arg>equal</arg>
<arg>${expected_text}</arg>
<tag>Assertion</tag>
<tag>Getter</tag>
<tag>PageContent</tag>
<doc>Returns text attribute of the element found by ``selector``.</doc>
<status status="PASS" start="2024-04-12T16:59:22.634146" elapsed="0.030393"/>
</kw>
<arg>${output_text}</arg>
<status status="PASS" start="2024-04-12T16:59:22.415053" elapsed="0.249486"/>
</kw>
<arg>${EMPTY}</arg>
<arg>kennedy@gmail.com</arg>
<arg>pwd123</arg>
<arg>Nome é obrigatório</arg>
<status status="PASS" start="2024-04-12T16:59:21.604456" elapsed="1.061083"/>
</kw>
<kw name="Attempt signup">
<kw name="Create Dictionary" owner="BuiltIn">
<msg time="2024-04-12T16:59:22.666541" level="INFO">${user} = {'nome': 'Kennedy Silva', 'email': '', 'password': 'pwd123'}</msg>
<var>${user}</var>
<arg>nome=${nome}</arg>
<arg>email=${email}</arg>
<arg>password=${password}</arg>
<doc>Creates and returns a dictionary based on the given ``items``.</doc>
<status status="PASS" start="2024-04-12T16:59:22.666541" elapsed="0.000000"/>
</kw>
<kw name="Go To" owner="Browser">
<msg time="2024-04-12T16:59:23.296694" level="INFO">Successfully opened URL https://front.serverest.dev/cadastrarusuarios</msg>
<arg>${URL}/cadastrarusuarios</arg>
<tag>BrowserControl</tag>
<tag>Setter</tag>
<doc>Navigates to the given ``url``.</doc>
<status status="PASS" start="2024-04-12T16:59:22.666541" elapsed="0.630153"/>
</kw>
<kw name="Fill signup form" owner="Signup">
<kw name="Fill Text" owner="Browser">
<msg time="2024-04-12T16:59:23.297700" level="INFO">Fills the text 'Kennedy Silva' in the given field.</msg>
<arg>css=input[name="nome"]</arg>
<arg>${user}[nome]</arg>
<tag>PageContent</tag>
<tag>Setter</tag>
<doc>Clears and fills the given ``txt`` into the text field found by ``selector``.</doc>
<status status="PASS" start="2024-04-12T16:59:23.296694" elapsed="0.033058"/>
</kw>
<kw name="Fill Text" owner="Browser">
<msg time="2024-04-12T16:59:23.330764" level="INFO">Fills the text '' in the given field.</msg>
<arg>css=input[data-testid="email"]</arg>
<arg>${user}[email]</arg>
<tag>PageContent</tag>
<tag>Setter</tag>
<doc>Clears and fills the given ``txt`` into the text field found by ``selector``.</doc>
<status status="PASS" start="2024-04-12T16:59:23.330764" elapsed="0.022911"/>
</kw>
<kw name="Fill Text" owner="Browser">
<msg time="2024-04-12T16:59:23.353675" level="INFO">Fills the text 'pwd123' in the given field.</msg>
<arg>css=input[placeholder$="senha"]</arg>
<arg>${user}[password]</arg>
<tag>PageContent</tag>
<tag>Setter</tag>
<doc>Clears and fills the given ``txt`` into the text field found by ``selector``.</doc>
<status status="PASS" start="2024-04-12T16:59:23.353675" elapsed="0.023075"/>
</kw>
<kw name="Check Checkbox" owner="Browser">
<arg>css=input[data-testid="checkbox"]</arg>
<tag>PageContent</tag>
<tag>Setter</tag>
<doc>Checks the checkbox or selects radio button found by ``selector``.</doc>
<status status="PASS" start="2024-04-12T16:59:23.376750" elapsed="0.056548"/>
</kw>
<arg>${user}</arg>
<status status="PASS" start="2024-04-12T16:59:23.296694" elapsed="0.136604"/>
</kw>
<kw name="Submit signup form" owner="Signup">
<kw name="Click" owner="Browser">
<arg>css=button[type="submit"] &gt;&gt; text=Cadastrar</arg>
<tag>PageContent</tag>
<tag>Setter</tag>
<doc>Simulates mouse click on the element found by ``selector``.</doc>
<status status="PASS" start="2024-04-12T16:59:23.434313" elapsed="0.046834"/>
</kw>
<status status="PASS" start="2024-04-12T16:59:23.434313" elapsed="0.046834"/>
</kw>
<kw name="Notice should be" owner="Signup">
<kw name="Wait For Elements State" owner="Browser">
<msg time="2024-04-12T16:59:23.695470" level="INFO">Waited for Element with selector css=.alert-secondary span &gt;&gt; text=Email é obrigatório at state visible</msg>
<arg>css=.alert-secondary span &gt;&gt; text=${expected_text}</arg>
<arg>visible</arg>
<arg>10</arg>
<tag>PageContent</tag>
<tag>Wait</tag>
<doc>Waits for the element found by ``selector`` to satisfy state option.</doc>
<status status="PASS" start="2024-04-12T16:59:23.482145" elapsed="0.213325"/>
</kw>
<kw name="Get Text" owner="Browser">
<msg time="2024-04-12T16:59:23.727107" level="INFO">Text: 'Email é obrigatório'</msg>
<arg>css=.alert-secondary span &gt;&gt; text=${expected_text}</arg>
<arg>equal</arg>
<arg>${expected_text}</arg>
<tag>Assertion</tag>
<tag>Getter</tag>
<tag>PageContent</tag>
<doc>Returns text attribute of the element found by ``selector``.</doc>
<status status="PASS" start="2024-04-12T16:59:23.695470" elapsed="0.031637"/>
</kw>
<arg>${output_text}</arg>
<status status="PASS" start="2024-04-12T16:59:23.482145" elapsed="0.244962"/>
</kw>
<arg>Kennedy Silva</arg>
<arg>${EMPTY}</arg>
<arg>pwd123</arg>
<arg>Email é obrigatório</arg>
<status status="PASS" start="2024-04-12T16:59:22.665539" elapsed="1.061568"/>
</kw>
<kw name="Finish Browser" owner="Base" type="TEARDOWN">
<kw name="Take Screenshot" owner="Browser">
<msg time="2024-04-12T16:59:24.049906" level="INFO" html="true">&lt;/td&gt;&lt;/tr&gt;&lt;tr&gt;&lt;td colspan="3"&gt;&lt;a href="browser/screenshot/robotframework-browser-screenshot-2.png" target="_blank"&gt;&lt;img src="browser/screenshot/robotframework-browser-screenshot-2.png" width="800px"/&gt;&lt;/a&gt;</msg>
<tag>PageContent</tag>
<doc>Takes a screenshot of the current window or element and saves it to disk.</doc>
<status status="PASS" start="2024-04-12T16:59:23.729133" elapsed="0.320773"/>
</kw>
<kw name="Close Browser" owner="Browser">
<msg time="2024-04-12T16:59:24.307453" level="INFO">Closed browser</msg>
<tag>BrowserControl</tag>
<tag>Setter</tag>
<doc>Closes the current browser.</doc>
<status status="PASS" start="2024-04-12T16:59:24.049906" elapsed="0.258554"/>
</kw>
<status status="PASS" start="2024-04-12T16:59:23.728121" elapsed="0.580339"/>
</kw>
<doc>All fields required</doc>
<tag>req_fields</tag>
<status status="PASS" start="2024-04-12T16:59:14.033746" elapsed="10.274714"/>
</test>
<doc>Test Suite of signup</doc>
<status status="PASS" start="2024-04-12T16:59:02.265480" elapsed="22.071960"/>
</suite>
<statistics>
<total>
<stat pass="2" fail="0" skip="0">All Tests</stat>
</total>
<tag>
<stat pass="1" fail="0" skip="0">req_fields</stat>
<stat pass="1" fail="0" skip="0">signup</stat>
</tag>
<suite>
<stat pass="2" fail="0" skip="0" id="s1" name="Signup">Signup</stat>
</suite>
</statistics>
<errors>
</errors>
</robot>
